<?xml version="1.0" encoding="UTF-8"?>
<!-- Generated by org.testng.reporters.JUnitXMLReporter -->
<testsuite hostname="nisal" name="Command line test" tests="13" failures="0" timestamp="10 Aug 2018 13:41:45 GMT" time="80.306" errors="0">
  <testcase name="testLogin" time="16.628" classname="com.sysco.WebAutomationAssignemnt.tests.LoginTest"/>
  <testcase name="testWrongAgeLogin" time="1.016" classname="com.sysco.WebAutomationAssignemnt.tests.LoginTest"/>
  <testcase name="testCorrectAgeLogin" time="1.248" classname="com.sysco.WebAutomationAssignemnt.tests.LoginTest"/>
  <testcase name="testNavigateMyAccount" time="7.136" classname="com.sysco.WebAutomationAssignemnt.tests.LoginTest"/>
  <testcase name="wrongCredentialsValidate" time="5.413" classname="com.sysco.WebAutomationAssignemnt.tests.LoginTest"/>
  <testcase name="wrongPasswordValidate" time="5.618" classname="com.sysco.WebAutomationAssignemnt.tests.LoginTest"/>
  <testcase name="wrongEmailValidate" time="5.867" classname="com.sysco.WebAutomationAssignemnt.tests.LoginTest"/>
  <testcase name="testAccountSignin" time="5.771" classname="com.sysco.WebAutomationAssignemnt.tests.LoginTest"/>
  <testcase name="validateUsername" time="0.068" classname="com.sysco.WebAutomationAssignemnt.tests.LoginTest"/>
  <testcase name="validateCart" time="3.148" classname="com.sysco.WebAutomationAssignemnt.tests.LoginTest"/>
  <testcase name="testChooseItem" time="18.902" classname="com.sysco.WebAutomationAssignemnt.tests.LoginTest"/>
  <testcase name="testValidateBottlePrice" time="1.047" classname="com.sysco.WebAutomationAssignemnt.tests.LoginTest"/>
  <testcase name="testBottleAddCart" time="1.12" classname="com.sysco.WebAutomationAssignemnt.tests.LoginTest"/>
</testsuite> <!-- Command line test -->
