<?xml version="1.0" encoding="UTF-8"?>
<!-- Generated by org.testng.reporters.JUnitXMLReporter -->
<testsuite hostname="nisal" name="Command line test" tests="15" failures="0" timestamp="10 Aug 2018 19:05:39 GMT" time="83.242" errors="0">
  <testcase name="testLogin" time="13.555" classname="com.sysco.WebAutomationAssignemnt.tests.LoginTest"/>
  <testcase name="testWrongAgeLogin" time="1.139" classname="com.sysco.WebAutomationAssignemnt.tests.LoginTest"/>
  <testcase name="testCorrectAgeLogin" time="1.091" classname="com.sysco.WebAutomationAssignemnt.tests.LoginTest"/>
  <testcase name="testNavigateMyAccount" time="6.696" classname="com.sysco.WebAutomationAssignemnt.tests.LoginTest"/>
  <testcase name="wrongCredentialsValidate" time="6.54" classname="com.sysco.WebAutomationAssignemnt.tests.LoginTest"/>
  <testcase name="wrongPasswordValidate" time="5.875" classname="com.sysco.WebAutomationAssignemnt.tests.LoginTest"/>
  <testcase name="wrongEmailValidate" time="5.478" classname="com.sysco.WebAutomationAssignemnt.tests.LoginTest"/>
  <testcase name="testAccountSignin" time="4.893" classname="com.sysco.WebAutomationAssignemnt.tests.LoginTest"/>
  <testcase name="validateUsername" time="0.062" classname="com.sysco.WebAutomationAssignemnt.tests.LoginTest"/>
  <testcase name="validateCart" time="4.203" classname="com.sysco.WebAutomationAssignemnt.tests.LoginTest"/>
  <testcase name="testChooseItem" time="18.551" classname="com.sysco.WebAutomationAssignemnt.tests.LoginTest"/>
  <testcase name="testValidateBottleName" time="1.044" classname="com.sysco.WebAutomationAssignemnt.tests.LoginTest"/>
  <testcase name="testValidateBottlePrice" time="1.05" classname="com.sysco.WebAutomationAssignemnt.tests.LoginTest"/>
  <testcase name="testBottleAddCart" time="1.163" classname="com.sysco.WebAutomationAssignemnt.tests.LoginTest"/>
  <testcase name="testCheckoutItem" time="8.27" classname="com.sysco.WebAutomationAssignemnt.tests.LoginTest"/>
</testsuite> <!-- Command line test -->
