<?xml version="1.0" encoding="UTF-8"?>
<!-- Generated by org.testng.reporters.JUnitXMLReporter -->
<testsuite hostname="nisal" name="Command line test" tests="15" failures="0" timestamp="10 Aug 2018 19:18:40 GMT" time="87.426" errors="0">
  <testcase name="testLogin" time="15.311" classname="com.sysco.WebAutomationAssignemnt.tests.LoginTest"/>
  <testcase name="testWrongAgeLogin" time="1.118" classname="com.sysco.WebAutomationAssignemnt.tests.LoginTest"/>
  <testcase name="testCorrectAgeLogin" time="1.026" classname="com.sysco.WebAutomationAssignemnt.tests.LoginTest"/>
  <testcase name="testNavigateMyAccount" time="6.457" classname="com.sysco.WebAutomationAssignemnt.tests.LoginTest"/>
  <testcase name="wrongCredentialsValidate" time="5.282" classname="com.sysco.WebAutomationAssignemnt.tests.LoginTest"/>
  <testcase name="wrongPasswordValidate" time="5.967" classname="com.sysco.WebAutomationAssignemnt.tests.LoginTest"/>
  <testcase name="wrongEmailValidate" time="5.423" classname="com.sysco.WebAutomationAssignemnt.tests.LoginTest"/>
  <testcase name="testAccountSignin" time="5.06" classname="com.sysco.WebAutomationAssignemnt.tests.LoginTest"/>
  <testcase name="validateUsername" time="0.065" classname="com.sysco.WebAutomationAssignemnt.tests.LoginTest"/>
  <testcase name="validateCart" time="3.251" classname="com.sysco.WebAutomationAssignemnt.tests.LoginTest"/>
  <testcase name="testChooseItem" time="18.593" classname="com.sysco.WebAutomationAssignemnt.tests.LoginTest"/>
  <testcase name="testValidateBottleName" time="1.049" classname="com.sysco.WebAutomationAssignemnt.tests.LoginTest"/>
  <testcase name="testValidateBottlePrice" time="1.043" classname="com.sysco.WebAutomationAssignemnt.tests.LoginTest"/>
  <testcase name="testBottleAddCart" time="1.16" classname="com.sysco.WebAutomationAssignemnt.tests.LoginTest"/>
  <testcase name="testCheckoutItem" time="12.395" classname="com.sysco.WebAutomationAssignemnt.tests.LoginTest"/>
</testsuite> <!-- Command line test -->
