<?xml version="1.0" encoding="UTF-8"?>
<!-- Generated by org.testng.reporters.JUnitXMLReporter -->
<testsuite hostname="nisal" name="Command line test" tests="9" failures="0" timestamp="9 Aug 2018 17:22:37 GMT" time="48.699" errors="0">
  <testcase name="testLogin" time="14.502" classname="com.sysco.WebAutomationAssignemnt.tests.LoginTest"/>
  <testcase name="testWrongAgeLogin" time="1.191" classname="com.sysco.WebAutomationAssignemnt.tests.LoginTest"/>
  <testcase name="testCorrectAgeLogin" time="1.051" classname="com.sysco.WebAutomationAssignemnt.tests.LoginTest"/>
  <testcase name="testNavigateMyAccount" time="9.413" classname="com.sysco.WebAutomationAssignemnt.tests.LoginTest"/>
  <testcase name="wrongCredentialsValidate" time="4.74" classname="com.sysco.WebAutomationAssignemnt.tests.LoginTest"/>
  <testcase name="wrongPasswordValidate" time="5.15" classname="com.sysco.WebAutomationAssignemnt.tests.LoginTest"/>
  <testcase name="wrongEmailValidate" time="4.923" classname="com.sysco.WebAutomationAssignemnt.tests.LoginTest"/>
  <testcase name="testAccountSignin" time="4.207" classname="com.sysco.WebAutomationAssignemnt.tests.LoginTest"/>
  <testcase name="validateUsername" time="0.072" classname="com.sysco.WebAutomationAssignemnt.tests.LoginTest"/>
</testsuite> <!-- Command line test -->
