<?xml version="1.0" encoding="UTF-8" ?>
<testsuite tests="2" failures="1" name="TestSuite" time="175.728" errors="0" skipped="0">
  <properties>
[...]
</properties>
  <testcase classname="com.sysco.WebAutomationAssignemnt.tests.LoginTest" name="testLogin" time="148.928">
    <failure message="no such element: Unable to locate element: {&quot;method&quot;:&quot;xpath&quot;,&quot;selector&quot;:&quot;//*[@id=&quot;product-tracking-1625&quot;]/div[1]/a/img&quot;}
  (Session info: chrome=68.0.3440.75)
  (Driver info: chromedriver=2.41.578700 (2f1ed5f9343c13f73144538f15c00b370eda6706),platform=Linux 4.15.0-29-generic x86_64) (WARNING: The server did not provide any stacktrace information)
Command duration or timeout: 0 milliseconds
For documentation on this error, please visit: http://seleniumhq.org/exceptions/no_such_element.html
Build info: version: &apos;3.8.1&apos;, revision: &apos;6e95a6684b&apos;, time: &apos;2017-12-01T18:33:54.468Z&apos;
System info: host: &apos;nisal&apos;, ip: &apos;192.168.8.105&apos;, os.name: &apos;Linux&apos;, os.arch: &apos;amd64&apos;, os.version: &apos;4.15.0-29-generic&apos;, java.version: &apos;1.8.0_181&apos;
Driver info: org.openqa.selenium.chrome.ChromeDriver
Capabilities {acceptInsecureCerts: false, acceptSslCerts: false, applicationCacheEnabled: false, browserConnectionEnabled: false, browserName: chrome, chrome: {chromedriverVersion: 2.41.578700 (2f1ed5f9343c13..., userDataDir: /tmp/.org.chromium.Chromium...}, cssSelectorsEnabled: true, databaseEnabled: false, goog:chromeOptions: {debuggerAddress: localhost:45507}, handlesAlerts: true, hasTouchScreen: false, javascriptEnabled: true, locationContextEnabled: true, mobileEmulationEnabled: false, nativeEvents: true, networkConnectionEnabled: false, pageLoadStrategy: normal, platform: LINUX, platformName: LINUX, rotatable: false, setWindowRect: true, takesHeapSnapshot: true, takesScreenshot: true, unexpectedAlertBehaviour: , unhandledPromptBehavior: , version: 68.0.3440.75, webStorageEnabled: true}
Session ID: 5f8e6249f456c34b5e0a6d4e929eb8a5
*** Element info: {Using=xpath, value=//*[@id=&quot;product-tracking-1625&quot;]/div[1]/a/img}" type="org.openqa.selenium.NoSuchElementException">org.openqa.selenium.NoSuchElementException: no such element: Unable to locate element: {&quot;method&quot;:&quot;xpath&quot;,&quot;selector&quot;:&quot;//*[@id=&quot;product-tracking-1625&quot;]/div[1]/a/img&quot;}
  (Session info: chrome=68.0.3440.75)
  (Driver info: chromedriver=2.41.578700 (2f1ed5f9343c13f73144538f15c00b370eda6706),platform=Linux 4.15.0-29-generic x86_64) (WARNING: The server did not provide any stacktrace information)
Command duration or timeout: 0 milliseconds
For documentation on this error, please visit: http://seleniumhq.org/exceptions/no_such_element.html
Build info: version: &apos;3.8.1&apos;, revision: &apos;6e95a6684b&apos;, time: &apos;2017-12-01T18:33:54.468Z&apos;
System info: host: &apos;nisal&apos;, ip: &apos;192.168.8.105&apos;, os.name: &apos;Linux&apos;, os.arch: &apos;amd64&apos;, os.version: &apos;4.15.0-29-generic&apos;, java.version: &apos;1.8.0_181&apos;
Driver info: org.openqa.selenium.chrome.ChromeDriver
Capabilities {acceptInsecureCerts: false, acceptSslCerts: false, applicationCacheEnabled: false, browserConnectionEnabled: false, browserName: chrome, chrome: {chromedriverVersion: 2.41.578700 (2f1ed5f9343c13..., userDataDir: /tmp/.org.chromium.Chromium...}, cssSelectorsEnabled: true, databaseEnabled: false, goog:chromeOptions: {debuggerAddress: localhost:45507}, handlesAlerts: true, hasTouchScreen: false, javascriptEnabled: true, locationContextEnabled: true, mobileEmulationEnabled: false, nativeEvents: true, networkConnectionEnabled: false, pageLoadStrategy: normal, platform: LINUX, platformName: LINUX, rotatable: false, setWindowRect: true, takesHeapSnapshot: true, takesScreenshot: true, unexpectedAlertBehaviour: , unhandledPromptBehavior: , version: 68.0.3440.75, webStorageEnabled: true}
Session ID: 5f8e6249f456c34b5e0a6d4e929eb8a5
*** Element info: {Using=xpath, value=//*[@id=&quot;product-tracking-1625&quot;]/div[1]/a/img}
	at sun.reflect.NativeConstructorAccessorImpl.newInstance0(Native Method)
	at sun.reflect.NativeConstructorAccessorImpl.newInstance(NativeConstructorAccessorImpl.java:62)
	at sun.reflect.DelegatingConstructorAccessorImpl.newInstance(DelegatingConstructorAccessorImpl.java:45)
	at java.lang.reflect.Constructor.newInstance(Constructor.java:423)
	at org.openqa.selenium.remote.ErrorHandler.createThrowable(ErrorHandler.java:214)
	at org.openqa.selenium.remote.ErrorHandler.throwIfResponseFailed(ErrorHandler.java:166)
	at org.openqa.selenium.remote.http.JsonHttpResponseCodec.reconstructValue(JsonHttpResponseCodec.java:40)
	at org.openqa.selenium.remote.http.AbstractHttpResponseCodec.decode(AbstractHttpResponseCodec.java:80)
	at org.openqa.selenium.remote.http.AbstractHttpResponseCodec.decode(AbstractHttpResponseCodec.java:44)
	at org.openqa.selenium.remote.HttpCommandExecutor.execute(HttpCommandExecutor.java:164)
	at org.openqa.selenium.remote.service.DriverCommandExecutor.execute(DriverCommandExecutor.java:83)
	at org.openqa.selenium.remote.RemoteWebDriver.execute(RemoteWebDriver.java:601)
	at org.openqa.selenium.remote.RemoteWebDriver.findElement(RemoteWebDriver.java:371)
	at org.openqa.selenium.remote.RemoteWebDriver.findElementByXPath(RemoteWebDriver.java:473)
	at org.openqa.selenium.By$ByXPath.findElement(By.java:361)
	at org.openqa.selenium.remote.RemoteWebDriver.findElement(RemoteWebDriver.java:363)
	at com.syscolab.qe.core.ui.SyscoLabUI.findElement(SyscoLabUI.java:42)
	at com.syscolab.qe.core.ui.SyscoLabUI.click(SyscoLabUI.java:158)
	at com.sysco.WebAutomationAssignemnt.pages.AccountPage.clickExclusiveProducts(AccountPage.java:43)
	at com.sysco.WebAutomationAssignemnt.functions.Account.gotoExclusiveProducts(Account.java:31)
	at com.sysco.WebAutomationAssignemnt.tests.LoginTest.testLogin(LoginTest.java:40)
</failure>
    <system-out>Configuring TestNG with: org.apache.maven.surefire.testng.conf.TestNG652Configurator@567d299b
Test Running class com.sysco.WebAutomationAssignemnt.tests.LoginTest
</system-out>
    <system-err>Starting ChromeDriver 2.41.578700 (2f1ed5f9343c13f73144538f15c00b370eda6706) on port 9061
Only local connections are allowed.
log4j:WARN No appenders could be found for logger (org.apache.http.client.protocol.RequestAddCookies).
log4j:WARN Please initialize the log4j system properly.
log4j:WARN See http://logging.apache.org/log4j/1.2/faq.html#noconfig for more info.
Aug 08, 2018 11:07:24 PM org.openqa.selenium.remote.ProtocolHandshake createSession
INFO: Detected dialect: OSS
Aug 08, 2018 11:09:26 PM com.syscolab.qe.core.common.LoggerUtil logINFO
INFO: Click date
Aug 08, 2018 11:09:26 PM com.syscolab.qe.core.common.LoggerUtil logINFO
INFO: select date
Aug 08, 2018 11:09:26 PM com.syscolab.qe.core.common.LoggerUtil logINFO
INFO: click month
Aug 08, 2018 11:09:26 PM com.syscolab.qe.core.common.LoggerUtil logINFO
INFO: select month
Aug 08, 2018 11:09:26 PM com.syscolab.qe.core.common.LoggerUtil logINFO
INFO: click year
Aug 08, 2018 11:09:27 PM com.syscolab.qe.core.common.LoggerUtil logINFO
INFO: select year
Aug 08, 2018 11:09:27 PM com.syscolab.qe.core.common.LoggerUtil logINFO
INFO: click country
Aug 08, 2018 11:09:27 PM com.syscolab.qe.core.common.LoggerUtil logINFO
INFO: set country
Aug 08, 2018 11:09:27 PM com.syscolab.qe.core.common.LoggerUtil logINFO
INFO: press continue
Aug 08, 2018 11:09:27 PM com.syscolab.qe.core.common.LoggerUtil logINFO
INFO: Clicking My Account
Aug 08, 2018 11:09:39 PM com.syscolab.qe.core.common.LoggerUtil logINFO
INFO: email and password enetered and signin
Aug 08, 2018 11:09:39 PM com.syscolab.qe.core.common.LoggerUtil logINFO
INFO: Selecting email
Aug 08, 2018 11:09:39 PM com.syscolab.qe.core.common.LoggerUtil logINFO
INFO: Filling email
Aug 08, 2018 11:09:39 PM com.syscolab.qe.core.common.LoggerUtil logINFO
INFO: Selecting password
Aug 08, 2018 11:09:40 PM com.syscolab.qe.core.common.LoggerUtil logINFO
INFO: Filling password
Aug 08, 2018 11:09:40 PM com.syscolab.qe.core.common.LoggerUtil logINFO
INFO: Signin confirm
Aug 08, 2018 11:09:43 PM com.syscolab.qe.core.common.LoggerUtil logINFO
INFO: logged
Aug 08, 2018 11:09:43 PM com.syscolab.qe.core.common.LoggerUtil logINFO
INFO: going to product
Aug 08, 2018 11:09:46 PM com.syscolab.qe.core.common.LoggerUtil logINFO
INFO: going to bottle shop
Aug 08, 2018 11:09:46 PM com.syscolab.qe.core.common.LoggerUtil logINFO
INFO: clicking bottleshop
Aug 08, 2018 11:09:49 PM com.syscolab.qe.core.common.LoggerUtil logINFO
INFO: going to exclusive products
</system-err>
  </testcase>
  <testcase classname="com.sysco.WebAutomationAssignemnt.tests.LoginTest" name="testWrongAgeLogin" time="26.8"/>
</testsuite>